[0.287s] [34mcolcon[0m [1;30mDEBUG[0m [32mCommand line arguments: ['/home/irman/micromamba/envs/ros2_env/bin/colcon', 'build', '--packages-select', 'encrypted_rf_hopping'][0m
[0.287s] [34mcolcon[0m [1;30mDEBUG[0m [32mParsed command line arguments: Namespace(log_base=None, log_level=None, verb_name='build', build_base='build', install_base='install', merge_install=False, symlink_install=False, test_result_base=None, continue_on_error=False, executor='parallel', parallel_workers=16, event_handlers=None, ignore_user_meta=False, metas=['./colcon.meta'], base_paths=['.'], packages_ignore=None, packages_ignore_regex=None, paths=None, packages_up_to=None, packages_up_to_regex=None, packages_above=None, packages_above_and_dependencies=None, packages_above_depth=None, packages_select_by_dep=None, packages_skip_by_dep=None, packages_skip_up_to=None, packages_select_build_failed=False, packages_skip_build_finished=False, packages_select_test_failures=False, packages_skip_test_passed=False, packages_select=['encrypted_rf_hopping'], packages_skip=None, packages_select_regex=None, packages_skip_regex=None, packages_start=None, packages_end=None, cmake_args=None, cmake_target=None, cmake_target_skip_unavailable=False, cmake_clean_cache=False, cmake_clean_first=False, cmake_force_configure=False, ament_cmake_args=None, catkin_cmake_args=None, catkin_skip_building_tests=False, verb_parser=<colcon_defaults.argument_parser.defaults.DefaultArgumentsDecorator object at 0x737af81763d0>, verb_extension=<colcon_core.verb.build.BuildVerb object at 0x737af8175c10>, main=<bound method BuildVerb.main of <colcon_core.verb.build.BuildVerb object at 0x737af8175c10>>)[0m
[0.343s] [34mcolcon.colcon_core.package_discovery[0m [1;30mLevel 1[0m discover_packages(colcon_meta) check parameters
[0.343s] [34mcolcon.colcon_core.package_discovery[0m [1;30mLevel 1[0m discover_packages(recursive) check parameters
[0.343s] [34mcolcon.colcon_core.package_discovery[0m [1;30mLevel 1[0m discover_packages(ignore) check parameters
[0.343s] [34mcolcon.colcon_core.package_discovery[0m [1;30mLevel 1[0m discover_packages(path) check parameters
[0.343s] [34mcolcon.colcon_core.package_discovery[0m [1;30mLevel 1[0m discover_packages(colcon_meta) discover
[0.343s] [34mcolcon.colcon_core.package_discovery[0m [1;30mLevel 1[0m discover_packages(recursive) discover
[0.343s] [34mcolcon.colcon_core.package_discovery[0m [1;30mINFO[0m Crawling recursively for packages in '/home/irman/Combat-UGV/encrypted_rf_hopping'
[0.343s] [34mcolcon.colcon_core.package_identification[0m [1;30mLevel 1[0m _identify(.) by extensions ['ignore', 'ignore_ament_install']
[0.343s] [34mcolcon.colcon_core.package_identification[0m [1;30mLevel 1[0m _identify(.) by extension 'ignore'
[0.343s] [34mcolcon.colcon_core.package_identification[0m [1;30mLevel 1[0m _identify(.) by extension 'ignore_ament_install'
[0.343s] [34mcolcon.colcon_core.package_identification[0m [1;30mLevel 1[0m _identify(.) by extensions ['colcon_pkg']
[0.343s] [34mcolcon.colcon_core.package_identification[0m [1;30mLevel 1[0m _identify(.) by extension 'colcon_pkg'
[0.343s] [34mcolcon.colcon_core.package_identification[0m [1;30mLevel 1[0m _identify(.) by extensions ['colcon_meta']
[0.343s] [34mcolcon.colcon_core.package_identification[0m [1;30mLevel 1[0m _identify(.) by extension 'colcon_meta'
[0.343s] [34mcolcon.colcon_core.package_identification[0m [1;30mLevel 1[0m _identify(.) by extensions ['ros']
[0.343s] [34mcolcon.colcon_core.package_identification[0m [1;30mLevel 1[0m _identify(.) by extension 'ros'
[0.383s] [34mcolcon.colcon_core.package_identification[0m [1;30mDEBUG[0m [32mPackage '.' with type 'ros.ament_python' and name 'encrypted_rf_hopping'[0m
[0.383s] [34mcolcon.colcon_core.package_discovery[0m [1;30mLevel 1[0m discover_packages(recursive) using defaults
[0.383s] [34mcolcon.colcon_core.package_discovery[0m [1;30mLevel 1[0m discover_packages(ignore) discover
[0.383s] [34mcolcon.colcon_core.package_discovery[0m [1;30mLevel 1[0m discover_packages(ignore) using defaults
[0.384s] [34mcolcon.colcon_core.package_discovery[0m [1;30mLevel 1[0m discover_packages(path) discover
[0.384s] [34mcolcon.colcon_core.package_discovery[0m [1;30mLevel 1[0m discover_packages(path) using defaults
[0.403s] [34mcolcon.colcon_core.verb[0m [1;30mLevel 5[0m set package 'encrypted_rf_hopping' build argument 'cmake_args' from command line to 'None'
[0.403s] [34mcolcon.colcon_core.verb[0m [1;30mLevel 5[0m set package 'encrypted_rf_hopping' build argument 'cmake_target' from command line to 'None'
[0.403s] [34mcolcon.colcon_core.verb[0m [1;30mLevel 5[0m set package 'encrypted_rf_hopping' build argument 'cmake_target_skip_unavailable' from command line to 'False'
[0.403s] [34mcolcon.colcon_core.verb[0m [1;30mLevel 5[0m set package 'encrypted_rf_hopping' build argument 'cmake_clean_cache' from command line to 'False'
[0.403s] [34mcolcon.colcon_core.verb[0m [1;30mLevel 5[0m set package 'encrypted_rf_hopping' build argument 'cmake_clean_first' from command line to 'False'
[0.403s] [34mcolcon.colcon_core.verb[0m [1;30mLevel 5[0m set package 'encrypted_rf_hopping' build argument 'cmake_force_configure' from command line to 'False'
[0.403s] [34mcolcon.colcon_core.verb[0m [1;30mLevel 5[0m set package 'encrypted_rf_hopping' build argument 'ament_cmake_args' from command line to 'None'
[0.403s] [34mcolcon.colcon_core.verb[0m [1;30mLevel 5[0m set package 'encrypted_rf_hopping' build argument 'catkin_cmake_args' from command line to 'None'
[0.403s] [34mcolcon.colcon_core.verb[0m [1;30mLevel 5[0m set package 'encrypted_rf_hopping' build argument 'catkin_skip_building_tests' from command line to 'False'
[0.403s] [34mcolcon.colcon_core.verb[0m [1;30mDEBUG[0m [32mBuilding package 'encrypted_rf_hopping' with the following arguments: {'ament_cmake_args': None, 'build_base': '/home/irman/Combat-UGV/encrypted_rf_hopping/build/encrypted_rf_hopping', 'catkin_cmake_args': None, 'catkin_skip_building_tests': False, 'cmake_args': None, 'cmake_clean_cache': False, 'cmake_clean_first': False, 'cmake_force_configure': False, 'cmake_target': None, 'cmake_target_skip_unavailable': False, 'install_base': '/home/irman/Combat-UGV/encrypted_rf_hopping/install/encrypted_rf_hopping', 'merge_install': False, 'path': '/home/irman/Combat-UGV/encrypted_rf_hopping', 'symlink_install': False, 'test_result_base': None}[0m
[0.403s] [34mcolcon.colcon_core.executor[0m [1;30mINFO[0m Executing jobs using 'parallel' executor
[0.404s] [34mcolcon.colcon_parallel_executor.executor.parallel[0m [1;30mDEBUG[0m [32mrun_until_complete[0m
[0.404s] [34mcolcon.colcon_ros.task.ament_python.build[0m [1;30mINFO[0m Building ROS package in '/home/irman/Combat-UGV/encrypted_rf_hopping' with build type 'ament_python'
[0.404s] [34mcolcon.colcon_core.shell[0m [1;30mLevel 1[0m create_environment_hook('encrypted_rf_hopping', 'ament_prefix_path')
[0.409s] [34mcolcon.colcon_core.plugin_system[0m [1;30mINFO[0m Skipping extension 'colcon_core.shell.bat': Not used on non-Windows systems
[0.409s] [34mcolcon.colcon_core.shell[0m [1;30mINFO[0m Creating environment hook '/home/irman/Combat-UGV/encrypted_rf_hopping/install/encrypted_rf_hopping/share/encrypted_rf_hopping/hook/ament_prefix_path.ps1'
[0.410s] [34mcolcon.colcon_core.shell[0m [1;30mINFO[0m Creating environment descriptor '/home/irman/Combat-UGV/encrypted_rf_hopping/install/encrypted_rf_hopping/share/encrypted_rf_hopping/hook/ament_prefix_path.dsv'
[0.410s] [34mcolcon.colcon_core.shell[0m [1;30mINFO[0m Creating environment hook '/home/irman/Combat-UGV/encrypted_rf_hopping/install/encrypted_rf_hopping/share/encrypted_rf_hopping/hook/ament_prefix_path.sh'
[0.411s] [34mcolcon.colcon_core.shell[0m [1;30mINFO[0m Skip shell extension 'powershell' for command environment: Not usable outside of PowerShell
[0.411s] [34mcolcon.colcon_core.shell[0m [1;30mDEBUG[0m [32mSkip shell extension 'dsv' for command environment[0m
[0.614s] [34mcolcon.colcon_core.task.python.build[0m [1;30mINFO[0m Building Python package in '/home/irman/Combat-UGV/encrypted_rf_hopping'
[0.615s] [34mcolcon.colcon_core.shell[0m [1;30mINFO[0m Skip shell extension 'powershell' for command environment: Not usable outside of PowerShell
[0.615s] [34mcolcon.colcon_core.shell[0m [1;30mDEBUG[0m [32mSkip shell extension 'dsv' for command environment[0m
[0.968s] [34mcolcon.colcon_core.event_handler.log_command[0m [1;30mDEBUG[0m [32mInvoking command in '/home/irman/Combat-UGV/encrypted_rf_hopping': CONDA_PROMPT_MODIFIER=(ros2_env) DEBUGINFOD_URLS=https://debuginfod.ubuntu.com PYTHONPATH=/home/irman/Combat-UGV/encrypted_rf_hopping/build/encrypted_rf_hopping/prefix_override:/home/irman/micromamba/envs/ros2_env/lib/python3.11/site-packages/colcon_core/task/python/colcon_distutils_commands:/home/irman/Combat-UGV/encrypted_rf_hopping/install/encrypted_rf_hopping/lib/python3.11/site-packages:${PYTHONPATH} /home/irman/micromamba/envs/ros2_env/bin/python3.11 -W ignore:setup.py install is deprecated -W ignore:easy_install command is deprecated setup.py egg_info --egg-base build/encrypted_rf_hopping build --build-base /home/irman/Combat-UGV/encrypted_rf_hopping/build/encrypted_rf_hopping/build install --record /home/irman/Combat-UGV/encrypted_rf_hopping/build/encrypted_rf_hopping/install.log --single-version-externally-managed install_data[0m
[1.209s] [34mcolcon.colcon_core.event_handler.log_command[0m [1;30mDEBUG[0m [32mInvoked command in '/home/irman/Combat-UGV/encrypted_rf_hopping' returned '0': CONDA_PROMPT_MODIFIER=(ros2_env) DEBUGINFOD_URLS=https://debuginfod.ubuntu.com PYTHONPATH=/home/irman/Combat-UGV/encrypted_rf_hopping/build/encrypted_rf_hopping/prefix_override:/home/irman/micromamba/envs/ros2_env/lib/python3.11/site-packages/colcon_core/task/python/colcon_distutils_commands:/home/irman/Combat-UGV/encrypted_rf_hopping/install/encrypted_rf_hopping/lib/python3.11/site-packages:${PYTHONPATH} /home/irman/micromamba/envs/ros2_env/bin/python3.11 -W ignore:setup.py install is deprecated -W ignore:easy_install command is deprecated setup.py egg_info --egg-base build/encrypted_rf_hopping build --build-base /home/irman/Combat-UGV/encrypted_rf_hopping/build/encrypted_rf_hopping/build install --record /home/irman/Combat-UGV/encrypted_rf_hopping/build/encrypted_rf_hopping/install.log --single-version-externally-managed install_data[0m
[1.213s] [34mcolcon.colcon_core.environment[0m [1;30mLevel 1[0m checking '/home/irman/Combat-UGV/encrypted_rf_hopping/install/encrypted_rf_hopping' for CMake module files
[1.214s] [34mcolcon.colcon_core.environment[0m [1;30mLevel 1[0m checking '/home/irman/Combat-UGV/encrypted_rf_hopping/install/encrypted_rf_hopping' for CMake config files
[1.214s] [34mcolcon.colcon_core.environment[0m [1;30mLevel 1[0m checking '/home/irman/Combat-UGV/encrypted_rf_hopping/install/encrypted_rf_hopping/lib'
[1.214s] [34mcolcon.colcon_core.environment[0m [1;30mLevel 1[0m checking '/home/irman/Combat-UGV/encrypted_rf_hopping/install/encrypted_rf_hopping/bin'
[1.214s] [34mcolcon.colcon_core.environment[0m [1;30mLevel 1[0m checking '/home/irman/Combat-UGV/encrypted_rf_hopping/install/encrypted_rf_hopping/lib/pkgconfig/encrypted_rf_hopping.pc'
[1.214s] [34mcolcon.colcon_core.environment[0m [1;30mLevel 1[0m checking '/home/irman/Combat-UGV/encrypted_rf_hopping/install/encrypted_rf_hopping/lib/python3.11/site-packages'
[1.214s] [34mcolcon.colcon_core.shell[0m [1;30mLevel 1[0m create_environment_hook('encrypted_rf_hopping', 'pythonpath')
[1.214s] [34mcolcon.colcon_core.shell[0m [1;30mINFO[0m Creating environment hook '/home/irman/Combat-UGV/encrypted_rf_hopping/install/encrypted_rf_hopping/share/encrypted_rf_hopping/hook/pythonpath.ps1'
[1.215s] [34mcolcon.colcon_core.shell[0m [1;30mINFO[0m Creating environment descriptor '/home/irman/Combat-UGV/encrypted_rf_hopping/install/encrypted_rf_hopping/share/encrypted_rf_hopping/hook/pythonpath.dsv'
[1.215s] [34mcolcon.colcon_core.shell[0m [1;30mINFO[0m Creating environment hook '/home/irman/Combat-UGV/encrypted_rf_hopping/install/encrypted_rf_hopping/share/encrypted_rf_hopping/hook/pythonpath.sh'
[1.215s] [34mcolcon.colcon_core.environment[0m [1;30mLevel 1[0m checking '/home/irman/Combat-UGV/encrypted_rf_hopping/install/encrypted_rf_hopping/bin'
[1.215s] [34mcolcon.colcon_core.environment[0m [1;30mLevel 1[0m create_environment_scripts_only(encrypted_rf_hopping)
[1.215s] [34mcolcon.colcon_core.shell[0m [1;30mINFO[0m Creating package script '/home/irman/Combat-UGV/encrypted_rf_hopping/install/encrypted_rf_hopping/share/encrypted_rf_hopping/package.ps1'
[1.217s] [34mcolcon.colcon_core.shell[0m [1;30mINFO[0m Creating package descriptor '/home/irman/Combat-UGV/encrypted_rf_hopping/install/encrypted_rf_hopping/share/encrypted_rf_hopping/package.dsv'
[1.218s] [34mcolcon.colcon_core.shell[0m [1;30mINFO[0m Creating package script '/home/irman/Combat-UGV/encrypted_rf_hopping/install/encrypted_rf_hopping/share/encrypted_rf_hopping/package.sh'
[1.218s] [34mcolcon.colcon_core.shell[0m [1;30mINFO[0m Creating package script '/home/irman/Combat-UGV/encrypted_rf_hopping/install/encrypted_rf_hopping/share/encrypted_rf_hopping/package.bash'
[1.219s] [34mcolcon.colcon_core.shell[0m [1;30mINFO[0m Creating package script '/home/irman/Combat-UGV/encrypted_rf_hopping/install/encrypted_rf_hopping/share/encrypted_rf_hopping/package.zsh'
[1.219s] [34mcolcon.colcon_core.environment[0m [1;30mLevel 1[0m create_file_with_runtime_dependencies(/home/irman/Combat-UGV/encrypted_rf_hopping/install/encrypted_rf_hopping/share/colcon-core/packages/encrypted_rf_hopping)
[1.219s] [34mcolcon.colcon_parallel_executor.executor.parallel[0m [1;30mDEBUG[0m [32mclosing loop[0m
[1.219s] [34mcolcon.colcon_parallel_executor.executor.parallel[0m [1;30mDEBUG[0m [32mloop closed[0m
[1.219s] [34mcolcon.colcon_parallel_executor.executor.parallel[0m [1;30mDEBUG[0m [32mrun_until_complete finished with '0'[0m
[1.220s] [34mcolcon.colcon_core.event_reactor[0m [1;30mDEBUG[0m [32mjoining thread[0m
[1.220s] [34mcolcon.colcon_core.event_reactor[0m [1;30mDEBUG[0m [32mjoined thread[0m
[1.220s] [34mcolcon.colcon_core.shell[0m [1;30mINFO[0m Creating prefix script '/home/irman/Combat-UGV/encrypted_rf_hopping/install/local_setup.ps1'
[1.221s] [34mcolcon.colcon_core.shell[0m [1;30mINFO[0m Creating prefix util module '/home/irman/Combat-UGV/encrypted_rf_hopping/install/_local_setup_util_ps1.py'
[1.222s] [34mcolcon.colcon_core.shell[0m [1;30mINFO[0m Creating prefix chain script '/home/irman/Combat-UGV/encrypted_rf_hopping/install/setup.ps1'
[1.223s] [34mcolcon.colcon_core.shell[0m [1;30mINFO[0m Creating prefix script '/home/irman/Combat-UGV/encrypted_rf_hopping/install/local_setup.sh'
[1.223s] [34mcolcon.colcon_core.shell[0m [1;30mINFO[0m Creating prefix util module '/home/irman/Combat-UGV/encrypted_rf_hopping/install/_local_setup_util_sh.py'
[1.223s] [34mcolcon.colcon_core.shell[0m [1;30mINFO[0m Creating prefix chain script '/home/irman/Combat-UGV/encrypted_rf_hopping/install/setup.sh'
[1.224s] [34mcolcon.colcon_core.shell[0m [1;30mINFO[0m Creating prefix script '/home/irman/Combat-UGV/encrypted_rf_hopping/install/local_setup.bash'
[1.224s] [34mcolcon.colcon_core.shell[0m [1;30mINFO[0m Creating prefix chain script '/home/irman/Combat-UGV/encrypted_rf_hopping/install/setup.bash'
[1.225s] [34mcolcon.colcon_core.shell[0m [1;30mINFO[0m Creating prefix script '/home/irman/Combat-UGV/encrypted_rf_hopping/install/local_setup.zsh'
[1.225s] [34mcolcon.colcon_core.shell[0m [1;30mINFO[0m Creating prefix chain script '/home/irman/Combat-UGV/encrypted_rf_hopping/install/setup.zsh'
